<?xml version="1.0" encoding="UTF-8"?>
<testsuite xmlns:xsi="http://www.w3.org/2001/XMLSchema-instance" xsi:noNamespaceSchemaLocation="https://maven.apache.org/surefire/maven-surefire-plugin/xsd/surefire-test-report-3.0.xsd" version="3.0" name="br.com.drianodev.starwars_planet_api.web.PlanetControllerTest" time="5.99" tests="11" errors="0" skipped="0" failures="0">
  <properties>
    <property name="java.specification.version" value="21"/>
    <property name="sun.jnu.encoding" value="UTF-8"/>
    <property name="java.class.path" value="/home/idd_amlima/Documents/courses/udemy-testes-automatizados/sw-planet-api/target/test-classes:/home/idd_amlima/Documents/courses/udemy-testes-automatizados/sw-planet-api/target/classes:/home/idd_amlima/.m2/repository/org/springframework/boot/spring-boot-starter/3.3.5/spring-boot-starter-3.3.5.jar:/home/idd_amlima/.m2/repository/org/springframework/boot/spring-boot/3.3.5/spring-boot-3.3.5.jar:/home/idd_amlima/.m2/repository/org/springframework/spring-context/6.1.14/spring-context-6.1.14.jar:/home/idd_amlima/.m2/repository/org/springframework/boot/spring-boot-autoconfigure/3.3.5/spring-boot-autoconfigure-3.3.5.jar:/home/idd_amlima/.m2/repository/org/springframework/boot/spring-boot-starter-logging/3.3.5/spring-boot-starter-logging-3.3.5.jar:/home/idd_amlima/.m2/repository/ch/qos/logback/logback-classic/1.5.11/logback-classic-1.5.11.jar:/home/idd_amlima/.m2/repository/ch/qos/logback/logback-core/1.5.11/logback-core-1.5.11.jar:/home/idd_amlima/.m2/repository/org/apache/logging/log4j/log4j-to-slf4j/2.23.1/log4j-to-slf4j-2.23.1.jar:/home/idd_amlima/.m2/repository/org/apache/logging/log4j/log4j-api/2.23.1/log4j-api-2.23.1.jar:/home/idd_amlima/.m2/repository/org/slf4j/jul-to-slf4j/2.0.16/jul-to-slf4j-2.0.16.jar:/home/idd_amlima/.m2/repository/jakarta/annotation/jakarta.annotation-api/2.1.1/jakarta.annotation-api-2.1.1.jar:/home/idd_amlima/.m2/repository/org/springframework/spring-core/6.1.14/spring-core-6.1.14.jar:/home/idd_amlima/.m2/repository/org/springframework/spring-jcl/6.1.14/spring-jcl-6.1.14.jar:/home/idd_amlima/.m2/repository/org/yaml/snakeyaml/2.2/snakeyaml-2.2.jar:/home/idd_amlima/.m2/repository/org/springframework/boot/spring-boot-starter-test/3.3.5/spring-boot-starter-test-3.3.5.jar:/home/idd_amlima/.m2/repository/org/springframework/boot/spring-boot-test/3.3.5/spring-boot-test-3.3.5.jar:/home/idd_amlima/.m2/repository/org/springframework/boot/spring-boot-test-autoconfigure/3.3.5/spring-boot-test-autoconfigure-3.3.5.jar:/home/idd_amlima/.m2/repository/com/jayway/jsonpath/json-path/2.9.0/json-path-2.9.0.jar:/home/idd_amlima/.m2/repository/org/slf4j/slf4j-api/2.0.16/slf4j-api-2.0.16.jar:/home/idd_amlima/.m2/repository/jakarta/xml/bind/jakarta.xml.bind-api/4.0.2/jakarta.xml.bind-api-4.0.2.jar:/home/idd_amlima/.m2/repository/jakarta/activation/jakarta.activation-api/2.1.3/jakarta.activation-api-2.1.3.jar:/home/idd_amlima/.m2/repository/net/minidev/json-smart/2.5.1/json-smart-2.5.1.jar:/home/idd_amlima/.m2/repository/net/minidev/accessors-smart/2.5.1/accessors-smart-2.5.1.jar:/home/idd_amlima/.m2/repository/org/ow2/asm/asm/9.6/asm-9.6.jar:/home/idd_amlima/.m2/repository/org/assertj/assertj-core/3.25.3/assertj-core-3.25.3.jar:/home/idd_amlima/.m2/repository/net/bytebuddy/byte-buddy/1.14.19/byte-buddy-1.14.19.jar:/home/idd_amlima/.m2/repository/org/awaitility/awaitility/4.2.2/awaitility-4.2.2.jar:/home/idd_amlima/.m2/repository/org/hamcrest/hamcrest/2.2/hamcrest-2.2.jar:/home/idd_amlima/.m2/repository/org/junit/jupiter/junit-jupiter/5.10.5/junit-jupiter-5.10.5.jar:/home/idd_amlima/.m2/repository/org/junit/jupiter/junit-jupiter-api/5.10.5/junit-jupiter-api-5.10.5.jar:/home/idd_amlima/.m2/repository/org/opentest4j/opentest4j/1.3.0/opentest4j-1.3.0.jar:/home/idd_amlima/.m2/repository/org/junit/platform/junit-platform-commons/1.10.5/junit-platform-commons-1.10.5.jar:/home/idd_amlima/.m2/repository/org/apiguardian/apiguardian-api/1.1.2/apiguardian-api-1.1.2.jar:/home/idd_amlima/.m2/repository/org/junit/jupiter/junit-jupiter-params/5.10.5/junit-jupiter-params-5.10.5.jar:/home/idd_amlima/.m2/repository/org/junit/jupiter/junit-jupiter-engine/5.10.5/junit-jupiter-engine-5.10.5.jar:/home/idd_amlima/.m2/repository/org/junit/platform/junit-platform-engine/1.10.5/junit-platform-engine-1.10.5.jar:/home/idd_amlima/.m2/repository/org/mockito/mockito-core/5.11.0/mockito-core-5.11.0.jar:/home/idd_amlima/.m2/repository/net/bytebuddy/byte-buddy-agent/1.14.19/byte-buddy-agent-1.14.19.jar:/home/idd_amlima/.m2/repository/org/objenesis/objenesis/3.3/objenesis-3.3.jar:/home/idd_amlima/.m2/repository/org/mockito/mockito-junit-jupiter/5.11.0/mockito-junit-jupiter-5.11.0.jar:/home/idd_amlima/.m2/repository/org/skyscreamer/jsonassert/1.5.3/jsonassert-1.5.3.jar:/home/idd_amlima/.m2/repository/com/vaadin/external/google/android-json/0.0.20131108.vaadin1/android-json-0.0.20131108.vaadin1.jar:/home/idd_amlima/.m2/repository/org/springframework/spring-test/6.1.14/spring-test-6.1.14.jar:/home/idd_amlima/.m2/repository/org/xmlunit/xmlunit-core/2.9.1/xmlunit-core-2.9.1.jar:/home/idd_amlima/.m2/repository/org/springframework/boot/spring-boot-starter-web/3.3.5/spring-boot-starter-web-3.3.5.jar:/home/idd_amlima/.m2/repository/org/springframework/boot/spring-boot-starter-json/3.3.5/spring-boot-starter-json-3.3.5.jar:/home/idd_amlima/.m2/repository/com/fasterxml/jackson/core/jackson-databind/2.17.2/jackson-databind-2.17.2.jar:/home/idd_amlima/.m2/repository/com/fasterxml/jackson/core/jackson-annotations/2.17.2/jackson-annotations-2.17.2.jar:/home/idd_amlima/.m2/repository/com/fasterxml/jackson/core/jackson-core/2.17.2/jackson-core-2.17.2.jar:/home/idd_amlima/.m2/repository/com/fasterxml/jackson/datatype/jackson-datatype-jdk8/2.17.2/jackson-datatype-jdk8-2.17.2.jar:/home/idd_amlima/.m2/repository/com/fasterxml/jackson/datatype/jackson-datatype-jsr310/2.17.2/jackson-datatype-jsr310-2.17.2.jar:/home/idd_amlima/.m2/repository/com/fasterxml/jackson/module/jackson-module-parameter-names/2.17.2/jackson-module-parameter-names-2.17.2.jar:/home/idd_amlima/.m2/repository/org/springframework/boot/spring-boot-starter-tomcat/3.3.5/spring-boot-starter-tomcat-3.3.5.jar:/home/idd_amlima/.m2/repository/org/apache/tomcat/embed/tomcat-embed-core/10.1.31/tomcat-embed-core-10.1.31.jar:/home/idd_amlima/.m2/repository/org/apache/tomcat/embed/tomcat-embed-websocket/10.1.31/tomcat-embed-websocket-10.1.31.jar:/home/idd_amlima/.m2/repository/org/springframework/spring-web/6.1.14/spring-web-6.1.14.jar:/home/idd_amlima/.m2/repository/org/springframework/spring-beans/6.1.14/spring-beans-6.1.14.jar:/home/idd_amlima/.m2/repository/io/micrometer/micrometer-observation/1.13.6/micrometer-observation-1.13.6.jar:/home/idd_amlima/.m2/repository/io/micrometer/micrometer-commons/1.13.6/micrometer-commons-1.13.6.jar:/home/idd_amlima/.m2/repository/org/springframework/spring-webmvc/6.1.14/spring-webmvc-6.1.14.jar:/home/idd_amlima/.m2/repository/org/springframework/spring-aop/6.1.14/spring-aop-6.1.14.jar:/home/idd_amlima/.m2/repository/org/springframework/spring-expression/6.1.14/spring-expression-6.1.14.jar:/home/idd_amlima/.m2/repository/com/mysql/mysql-connector-j/8.3.0/mysql-connector-j-8.3.0.jar:/home/idd_amlima/.m2/repository/org/springframework/boot/spring-boot-starter-data-jpa/3.3.5/spring-boot-starter-data-jpa-3.3.5.jar:/home/idd_amlima/.m2/repository/org/springframework/boot/spring-boot-starter-aop/3.3.5/spring-boot-starter-aop-3.3.5.jar:/home/idd_amlima/.m2/repository/org/aspectj/aspectjweaver/1.9.22.1/aspectjweaver-1.9.22.1.jar:/home/idd_amlima/.m2/repository/org/springframework/boot/spring-boot-starter-jdbc/3.3.5/spring-boot-starter-jdbc-3.3.5.jar:/home/idd_amlima/.m2/repository/com/zaxxer/HikariCP/5.1.0/HikariCP-5.1.0.jar:/home/idd_amlima/.m2/repository/org/springframework/spring-jdbc/6.1.14/spring-jdbc-6.1.14.jar:/home/idd_amlima/.m2/repository/org/hibernate/orm/hibernate-core/6.5.3.Final/hibernate-core-6.5.3.Final.jar:/home/idd_amlima/.m2/repository/jakarta/persistence/jakarta.persistence-api/3.1.0/jakarta.persistence-api-3.1.0.jar:/home/idd_amlima/.m2/repository/jakarta/transaction/jakarta.transaction-api/2.0.1/jakarta.transaction-api-2.0.1.jar:/home/idd_amlima/.m2/repository/org/jboss/logging/jboss-logging/3.5.3.Final/jboss-logging-3.5.3.Final.jar:/home/idd_amlima/.m2/repository/org/hibernate/common/hibernate-commons-annotations/6.0.6.Final/hibernate-commons-annotations-6.0.6.Final.jar:/home/idd_amlima/.m2/repository/io/smallrye/jandex/3.1.2/jandex-3.1.2.jar:/home/idd_amlima/.m2/repository/com/fasterxml/classmate/1.7.0/classmate-1.7.0.jar:/home/idd_amlima/.m2/repository/org/glassfish/jaxb/jaxb-runtime/4.0.5/jaxb-runtime-4.0.5.jar:/home/idd_amlima/.m2/repository/org/glassfish/jaxb/jaxb-core/4.0.5/jaxb-core-4.0.5.jar:/home/idd_amlima/.m2/repository/org/eclipse/angus/angus-activation/2.0.2/angus-activation-2.0.2.jar:/home/idd_amlima/.m2/repository/org/glassfish/jaxb/txw2/4.0.5/txw2-4.0.5.jar:/home/idd_amlima/.m2/repository/com/sun/istack/istack-commons-runtime/4.1.2/istack-commons-runtime-4.1.2.jar:/home/idd_amlima/.m2/repository/jakarta/inject/jakarta.inject-api/2.0.1/jakarta.inject-api-2.0.1.jar:/home/idd_amlima/.m2/repository/org/antlr/antlr4-runtime/4.13.0/antlr4-runtime-4.13.0.jar:/home/idd_amlima/.m2/repository/org/springframework/data/spring-data-jpa/3.3.5/spring-data-jpa-3.3.5.jar:/home/idd_amlima/.m2/repository/org/springframework/data/spring-data-commons/3.3.5/spring-data-commons-3.3.5.jar:/home/idd_amlima/.m2/repository/org/springframework/spring-orm/6.1.14/spring-orm-6.1.14.jar:/home/idd_amlima/.m2/repository/org/springframework/spring-tx/6.1.14/spring-tx-6.1.14.jar:/home/idd_amlima/.m2/repository/org/springframework/spring-aspects/6.1.14/spring-aspects-6.1.14.jar:/home/idd_amlima/.m2/repository/org/springframework/boot/spring-boot-devtools/3.3.5/spring-boot-devtools-3.3.5.jar:/home/idd_amlima/.m2/repository/org/springframework/boot/spring-boot-starter-validation/3.3.5/spring-boot-starter-validation-3.3.5.jar:/home/idd_amlima/.m2/repository/org/apache/tomcat/embed/tomcat-embed-el/10.1.31/tomcat-embed-el-10.1.31.jar:/home/idd_amlima/.m2/repository/org/hibernate/validator/hibernate-validator/8.0.1.Final/hibernate-validator-8.0.1.Final.jar:/home/idd_amlima/.m2/repository/jakarta/validation/jakarta.validation-api/3.0.2/jakarta.validation-api-3.0.2.jar:/home/idd_amlima/.m2/repository/org/apache/commons/commons-lang3/3.12.0/commons-lang3-3.12.0.jar:/home/idd_amlima/.m2/repository/com/h2database/h2/2.2.224/h2-2.2.224.jar:"/>
    <property name="java.vm.vendor" value="Amazon.com Inc."/>
    <property name="sun.arch.data.model" value="64"/>
    <property name="java.vendor.url" value="https://aws.amazon.com/corretto/"/>
    <property name="user.timezone" value="America/Fortaleza"/>
    <property name="org.jboss.logging.provider" value="slf4j"/>
    <property name="user.country.format" value="BR"/>
    <property name="os.name" value="Linux"/>
    <property name="java.vm.specification.version" value="21"/>
    <property name="sun.java.launcher" value="SUN_STANDARD"/>
    <property name="user.country" value="US"/>
    <property name="sun.boot.library.path" value="/home/idd_amlima/.sdkman/candidates/java/21.0.4-amzn/lib"/>
    <property name="sun.java.command" value="/home/idd_amlima/Documents/courses/udemy-testes-automatizados/sw-planet-api/target/surefire/surefirebooter-20241206080051483_3.jar /home/idd_amlima/Documents/courses/udemy-testes-automatizados/sw-planet-api/target/surefire 2024-12-06T08-00-51_392-jvmRun1 surefire-20241206080051483_1tmp surefire_0-20241206080051483_2tmp"/>
    <property name="jdk.debug" value="release"/>
    <property name="surefire.test.class.path" value="/home/idd_amlima/Documents/courses/udemy-testes-automatizados/sw-planet-api/target/test-classes:/home/idd_amlima/Documents/courses/udemy-testes-automatizados/sw-planet-api/target/classes:/home/idd_amlima/.m2/repository/org/springframework/boot/spring-boot-starter/3.3.5/spring-boot-starter-3.3.5.jar:/home/idd_amlima/.m2/repository/org/springframework/boot/spring-boot/3.3.5/spring-boot-3.3.5.jar:/home/idd_amlima/.m2/repository/org/springframework/spring-context/6.1.14/spring-context-6.1.14.jar:/home/idd_amlima/.m2/repository/org/springframework/boot/spring-boot-autoconfigure/3.3.5/spring-boot-autoconfigure-3.3.5.jar:/home/idd_amlima/.m2/repository/org/springframework/boot/spring-boot-starter-logging/3.3.5/spring-boot-starter-logging-3.3.5.jar:/home/idd_amlima/.m2/repository/ch/qos/logback/logback-classic/1.5.11/logback-classic-1.5.11.jar:/home/idd_amlima/.m2/repository/ch/qos/logback/logback-core/1.5.11/logback-core-1.5.11.jar:/home/idd_amlima/.m2/repository/org/apache/logging/log4j/log4j-to-slf4j/2.23.1/log4j-to-slf4j-2.23.1.jar:/home/idd_amlima/.m2/repository/org/apache/logging/log4j/log4j-api/2.23.1/log4j-api-2.23.1.jar:/home/idd_amlima/.m2/repository/org/slf4j/jul-to-slf4j/2.0.16/jul-to-slf4j-2.0.16.jar:/home/idd_amlima/.m2/repository/jakarta/annotation/jakarta.annotation-api/2.1.1/jakarta.annotation-api-2.1.1.jar:/home/idd_amlima/.m2/repository/org/springframework/spring-core/6.1.14/spring-core-6.1.14.jar:/home/idd_amlima/.m2/repository/org/springframework/spring-jcl/6.1.14/spring-jcl-6.1.14.jar:/home/idd_amlima/.m2/repository/org/yaml/snakeyaml/2.2/snakeyaml-2.2.jar:/home/idd_amlima/.m2/repository/org/springframework/boot/spring-boot-starter-test/3.3.5/spring-boot-starter-test-3.3.5.jar:/home/idd_amlima/.m2/repository/org/springframework/boot/spring-boot-test/3.3.5/spring-boot-test-3.3.5.jar:/home/idd_amlima/.m2/repository/org/springframework/boot/spring-boot-test-autoconfigure/3.3.5/spring-boot-test-autoconfigure-3.3.5.jar:/home/idd_amlima/.m2/repository/com/jayway/jsonpath/json-path/2.9.0/json-path-2.9.0.jar:/home/idd_amlima/.m2/repository/org/slf4j/slf4j-api/2.0.16/slf4j-api-2.0.16.jar:/home/idd_amlima/.m2/repository/jakarta/xml/bind/jakarta.xml.bind-api/4.0.2/jakarta.xml.bind-api-4.0.2.jar:/home/idd_amlima/.m2/repository/jakarta/activation/jakarta.activation-api/2.1.3/jakarta.activation-api-2.1.3.jar:/home/idd_amlima/.m2/repository/net/minidev/json-smart/2.5.1/json-smart-2.5.1.jar:/home/idd_amlima/.m2/repository/net/minidev/accessors-smart/2.5.1/accessors-smart-2.5.1.jar:/home/idd_amlima/.m2/repository/org/ow2/asm/asm/9.6/asm-9.6.jar:/home/idd_amlima/.m2/repository/org/assertj/assertj-core/3.25.3/assertj-core-3.25.3.jar:/home/idd_amlima/.m2/repository/net/bytebuddy/byte-buddy/1.14.19/byte-buddy-1.14.19.jar:/home/idd_amlima/.m2/repository/org/awaitility/awaitility/4.2.2/awaitility-4.2.2.jar:/home/idd_amlima/.m2/repository/org/hamcrest/hamcrest/2.2/hamcrest-2.2.jar:/home/idd_amlima/.m2/repository/org/junit/jupiter/junit-jupiter/5.10.5/junit-jupiter-5.10.5.jar:/home/idd_amlima/.m2/repository/org/junit/jupiter/junit-jupiter-api/5.10.5/junit-jupiter-api-5.10.5.jar:/home/idd_amlima/.m2/repository/org/opentest4j/opentest4j/1.3.0/opentest4j-1.3.0.jar:/home/idd_amlima/.m2/repository/org/junit/platform/junit-platform-commons/1.10.5/junit-platform-commons-1.10.5.jar:/home/idd_amlima/.m2/repository/org/apiguardian/apiguardian-api/1.1.2/apiguardian-api-1.1.2.jar:/home/idd_amlima/.m2/repository/org/junit/jupiter/junit-jupiter-params/5.10.5/junit-jupiter-params-5.10.5.jar:/home/idd_amlima/.m2/repository/org/junit/jupiter/junit-jupiter-engine/5.10.5/junit-jupiter-engine-5.10.5.jar:/home/idd_amlima/.m2/repository/org/junit/platform/junit-platform-engine/1.10.5/junit-platform-engine-1.10.5.jar:/home/idd_amlima/.m2/repository/org/mockito/mockito-core/5.11.0/mockito-core-5.11.0.jar:/home/idd_amlima/.m2/repository/net/bytebuddy/byte-buddy-agent/1.14.19/byte-buddy-agent-1.14.19.jar:/home/idd_amlima/.m2/repository/org/objenesis/objenesis/3.3/objenesis-3.3.jar:/home/idd_amlima/.m2/repository/org/mockito/mockito-junit-jupiter/5.11.0/mockito-junit-jupiter-5.11.0.jar:/home/idd_amlima/.m2/repository/org/skyscreamer/jsonassert/1.5.3/jsonassert-1.5.3.jar:/home/idd_amlima/.m2/repository/com/vaadin/external/google/android-json/0.0.20131108.vaadin1/android-json-0.0.20131108.vaadin1.jar:/home/idd_amlima/.m2/repository/org/springframework/spring-test/6.1.14/spring-test-6.1.14.jar:/home/idd_amlima/.m2/repository/org/xmlunit/xmlunit-core/2.9.1/xmlunit-core-2.9.1.jar:/home/idd_amlima/.m2/repository/org/springframework/boot/spring-boot-starter-web/3.3.5/spring-boot-starter-web-3.3.5.jar:/home/idd_amlima/.m2/repository/org/springframework/boot/spring-boot-starter-json/3.3.5/spring-boot-starter-json-3.3.5.jar:/home/idd_amlima/.m2/repository/com/fasterxml/jackson/core/jackson-databind/2.17.2/jackson-databind-2.17.2.jar:/home/idd_amlima/.m2/repository/com/fasterxml/jackson/core/jackson-annotations/2.17.2/jackson-annotations-2.17.2.jar:/home/idd_amlima/.m2/repository/com/fasterxml/jackson/core/jackson-core/2.17.2/jackson-core-2.17.2.jar:/home/idd_amlima/.m2/repository/com/fasterxml/jackson/datatype/jackson-datatype-jdk8/2.17.2/jackson-datatype-jdk8-2.17.2.jar:/home/idd_amlima/.m2/repository/com/fasterxml/jackson/datatype/jackson-datatype-jsr310/2.17.2/jackson-datatype-jsr310-2.17.2.jar:/home/idd_amlima/.m2/repository/com/fasterxml/jackson/module/jackson-module-parameter-names/2.17.2/jackson-module-parameter-names-2.17.2.jar:/home/idd_amlima/.m2/repository/org/springframework/boot/spring-boot-starter-tomcat/3.3.5/spring-boot-starter-tomcat-3.3.5.jar:/home/idd_amlima/.m2/repository/org/apache/tomcat/embed/tomcat-embed-core/10.1.31/tomcat-embed-core-10.1.31.jar:/home/idd_amlima/.m2/repository/org/apache/tomcat/embed/tomcat-embed-websocket/10.1.31/tomcat-embed-websocket-10.1.31.jar:/home/idd_amlima/.m2/repository/org/springframework/spring-web/6.1.14/spring-web-6.1.14.jar:/home/idd_amlima/.m2/repository/org/springframework/spring-beans/6.1.14/spring-beans-6.1.14.jar:/home/idd_amlima/.m2/repository/io/micrometer/micrometer-observation/1.13.6/micrometer-observation-1.13.6.jar:/home/idd_amlima/.m2/repository/io/micrometer/micrometer-commons/1.13.6/micrometer-commons-1.13.6.jar:/home/idd_amlima/.m2/repository/org/springframework/spring-webmvc/6.1.14/spring-webmvc-6.1.14.jar:/home/idd_amlima/.m2/repository/org/springframework/spring-aop/6.1.14/spring-aop-6.1.14.jar:/home/idd_amlima/.m2/repository/org/springframework/spring-expression/6.1.14/spring-expression-6.1.14.jar:/home/idd_amlima/.m2/repository/com/mysql/mysql-connector-j/8.3.0/mysql-connector-j-8.3.0.jar:/home/idd_amlima/.m2/repository/org/springframework/boot/spring-boot-starter-data-jpa/3.3.5/spring-boot-starter-data-jpa-3.3.5.jar:/home/idd_amlima/.m2/repository/org/springframework/boot/spring-boot-starter-aop/3.3.5/spring-boot-starter-aop-3.3.5.jar:/home/idd_amlima/.m2/repository/org/aspectj/aspectjweaver/1.9.22.1/aspectjweaver-1.9.22.1.jar:/home/idd_amlima/.m2/repository/org/springframework/boot/spring-boot-starter-jdbc/3.3.5/spring-boot-starter-jdbc-3.3.5.jar:/home/idd_amlima/.m2/repository/com/zaxxer/HikariCP/5.1.0/HikariCP-5.1.0.jar:/home/idd_amlima/.m2/repository/org/springframework/spring-jdbc/6.1.14/spring-jdbc-6.1.14.jar:/home/idd_amlima/.m2/repository/org/hibernate/orm/hibernate-core/6.5.3.Final/hibernate-core-6.5.3.Final.jar:/home/idd_amlima/.m2/repository/jakarta/persistence/jakarta.persistence-api/3.1.0/jakarta.persistence-api-3.1.0.jar:/home/idd_amlima/.m2/repository/jakarta/transaction/jakarta.transaction-api/2.0.1/jakarta.transaction-api-2.0.1.jar:/home/idd_amlima/.m2/repository/org/jboss/logging/jboss-logging/3.5.3.Final/jboss-logging-3.5.3.Final.jar:/home/idd_amlima/.m2/repository/org/hibernate/common/hibernate-commons-annotations/6.0.6.Final/hibernate-commons-annotations-6.0.6.Final.jar:/home/idd_amlima/.m2/repository/io/smallrye/jandex/3.1.2/jandex-3.1.2.jar:/home/idd_amlima/.m2/repository/com/fasterxml/classmate/1.7.0/classmate-1.7.0.jar:/home/idd_amlima/.m2/repository/org/glassfish/jaxb/jaxb-runtime/4.0.5/jaxb-runtime-4.0.5.jar:/home/idd_amlima/.m2/repository/org/glassfish/jaxb/jaxb-core/4.0.5/jaxb-core-4.0.5.jar:/home/idd_amlima/.m2/repository/org/eclipse/angus/angus-activation/2.0.2/angus-activation-2.0.2.jar:/home/idd_amlima/.m2/repository/org/glassfish/jaxb/txw2/4.0.5/txw2-4.0.5.jar:/home/idd_amlima/.m2/repository/com/sun/istack/istack-commons-runtime/4.1.2/istack-commons-runtime-4.1.2.jar:/home/idd_amlima/.m2/repository/jakarta/inject/jakarta.inject-api/2.0.1/jakarta.inject-api-2.0.1.jar:/home/idd_amlima/.m2/repository/org/antlr/antlr4-runtime/4.13.0/antlr4-runtime-4.13.0.jar:/home/idd_amlima/.m2/repository/org/springframework/data/spring-data-jpa/3.3.5/spring-data-jpa-3.3.5.jar:/home/idd_amlima/.m2/repository/org/springframework/data/spring-data-commons/3.3.5/spring-data-commons-3.3.5.jar:/home/idd_amlima/.m2/repository/org/springframework/spring-orm/6.1.14/spring-orm-6.1.14.jar:/home/idd_amlima/.m2/repository/org/springframework/spring-tx/6.1.14/spring-tx-6.1.14.jar:/home/idd_amlima/.m2/repository/org/springframework/spring-aspects/6.1.14/spring-aspects-6.1.14.jar:/home/idd_amlima/.m2/repository/org/springframework/boot/spring-boot-devtools/3.3.5/spring-boot-devtools-3.3.5.jar:/home/idd_amlima/.m2/repository/org/springframework/boot/spring-boot-starter-validation/3.3.5/spring-boot-starter-validation-3.3.5.jar:/home/idd_amlima/.m2/repository/org/apache/tomcat/embed/tomcat-embed-el/10.1.31/tomcat-embed-el-10.1.31.jar:/home/idd_amlima/.m2/repository/org/hibernate/validator/hibernate-validator/8.0.1.Final/hibernate-validator-8.0.1.Final.jar:/home/idd_amlima/.m2/repository/jakarta/validation/jakarta.validation-api/3.0.2/jakarta.validation-api-3.0.2.jar:/home/idd_amlima/.m2/repository/org/apache/commons/commons-lang3/3.12.0/commons-lang3-3.12.0.jar:/home/idd_amlima/.m2/repository/com/h2database/h2/2.2.224/h2-2.2.224.jar:"/>
    <property name="sun.cpu.endian" value="little"/>
    <property name="user.home" value="/home/idd_amlima"/>
    <property name="user.language" value="en"/>
    <property name="java.specification.vendor" value="Oracle Corporation"/>
    <property name="java.version.date" value="2024-07-16"/>
    <property name="java.home" value="/home/idd_amlima/.sdkman/candidates/java/21.0.4-amzn"/>
    <property name="file.separator" value="/"/>
    <property name="basedir" value="/home/idd_amlima/Documents/courses/udemy-testes-automatizados/sw-planet-api"/>
    <property name="java.vm.compressedOopsMode" value="Zero based"/>
    <property name="line.separator" value="&#10;"/>
    <property name="java.vm.specification.vendor" value="Oracle Corporation"/>
    <property name="java.specification.name" value="Java Platform API Specification"/>
    <property name="FILE_LOG_CHARSET" value="UTF-8"/>
    <property name="java.awt.headless" value="true"/>
    <property name="surefire.real.class.path" value="/home/idd_amlima/Documents/courses/udemy-testes-automatizados/sw-planet-api/target/surefire/surefirebooter-20241206080051483_3.jar"/>
    <property name="sun.management.compiler" value="HotSpot 64-Bit Tiered Compilers"/>
    <property name="java.runtime.version" value="21.0.4+7-LTS"/>
    <property name="user.name" value="idd_amlima"/>
    <property name="stdout.encoding" value="UTF-8"/>
    <property name="path.separator" value=":"/>
    <property name="os.version" value="6.8.0-49-generic"/>
    <property name="java.runtime.name" value="OpenJDK Runtime Environment"/>
    <property name="file.encoding" value="UTF-8"/>
    <property name="java.vm.name" value="OpenJDK 64-Bit Server VM"/>
    <property name="java.vendor.version" value="Corretto-21.0.4.7.1"/>
    <property name="localRepository" value="/home/idd_amlima/.m2/repository"/>
    <property name="java.vendor.url.bug" value="https://github.com/corretto/corretto-21/issues/"/>
    <property name="java.io.tmpdir" value="/tmp"/>
    <property name="idea.version" value="2024.3"/>
    <property name="java.version" value="21.0.4"/>
    <property name="user.dir" value="/home/idd_amlima/Documents/courses/udemy-testes-automatizados/sw-planet-api"/>
    <property name="os.arch" value="amd64"/>
    <property name="java.vm.specification.name" value="Java Virtual Machine Specification"/>
    <property name="PID" value="2171917"/>
    <property name="user.language.format" value="pt"/>
    <property name="CONSOLE_LOG_CHARSET" value="UTF-8"/>
    <property name="native.encoding" value="UTF-8"/>
    <property name="java.library.path" value="/usr/java/packages/lib:/usr/lib64:/lib64:/lib:/usr/lib"/>
    <property name="java.vm.info" value="mixed mode, sharing"/>
    <property name="stderr.encoding" value="UTF-8"/>
    <property name="java.vendor" value="Amazon.com Inc."/>
    <property name="java.vm.version" value="21.0.4+7-LTS"/>
    <property name="sun.io.unicode.encoding" value="UnicodeLittle"/>
    <property name="java.class.version" value="65.0"/>
    <property name="LOGGED_APPLICATION_NAME" value="[sw-planet-api] "/>
  </properties>
  <testcase name="createPlanet_WithExistingName_ReturnsConflict" classname="br.com.drianodev.starwars_planet_api.web.PlanetControllerTest" time="0.712">
    <system-out><![CDATA[08:00:52.740 [main] INFO org.springframework.test.context.support.AnnotationConfigContextLoaderUtils -- Could not detect default configuration classes for test class [br.com.drianodev.starwars_planet_api.web.PlanetControllerTest]: PlanetControllerTest does not declare any static, non-private, non-final, nested classes annotated with @Configuration.
08:00:52.982 [main] INFO org.springframework.boot.test.context.SpringBootTestContextBootstrapper -- Found @SpringBootConfiguration br.com.drianodev.starwars_planet_api.StarwarsPlanetApiApplication for test class br.com.drianodev.starwars_planet_api.web.PlanetControllerTest
08:00:53.125 [main] INFO org.springframework.boot.devtools.restart.RestartApplicationListener -- Restart disabled due to context in which it is running

  .   ____          _            __ _ _
 /\\ / ___'_ __ _ _(_)_ __  __ _ \ \ \ \
( ( )\___ | '_ | '_| | '_ \/ _` | \ \ \ \
 \\/  ___)| |_)| | | | | || (_| |  ) ) ) )
  '  |____| .__|_| |_|_| |_\__, | / / / /
 =========|_|==============|___/=/_/_/_/

 :: Spring Boot ::                (v3.3.5)

2024-12-06T08:00:53.611-03:00  INFO 2171917 --- [sw-planet-api] [           main] b.c.d.s.web.PlanetControllerTest         : Starting PlanetControllerTest using Java 21.0.4 with PID 2171917 (started by idd_amlima in /home/idd_amlima/Documents/courses/udemy-testes-automatizados/sw-planet-api)
2024-12-06T08:00:53.613-03:00  INFO 2171917 --- [sw-planet-api] [           main] b.c.d.s.web.PlanetControllerTest         : No active profile set, falling back to 1 default profile: "default"
2024-12-06T08:00:57.063-03:00  INFO 2171917 --- [sw-planet-api] [           main] o.s.b.t.m.w.SpringBootMockServletContext : Initializing Spring TestDispatcherServlet ''
2024-12-06T08:00:57.064-03:00  INFO 2171917 --- [sw-planet-api] [           main] o.s.t.web.servlet.TestDispatcherServlet  : Initializing Servlet ''
2024-12-06T08:00:57.069-03:00  INFO 2171917 --- [sw-planet-api] [           main] o.s.t.web.servlet.TestDispatcherServlet  : Completed initialization in 2 ms
2024-12-06T08:00:57.136-03:00  INFO 2171917 --- [sw-planet-api] [           main] b.c.d.s.web.PlanetControllerTest         : Started PlanetControllerTest in 4.031 seconds (process running for 5.596)
]]></system-out>
    <system-err><![CDATA[WARNING: A Java agent has been loaded dynamically (/home/idd_amlima/.m2/repository/net/bytebuddy/byte-buddy-agent/1.14.19/byte-buddy-agent-1.14.19.jar)
WARNING: If a serviceability tool is in use, please run with -XX:+EnableDynamicAgentLoading to hide this warning
WARNING: If a serviceability tool is not in use, please run with -Djdk.instrument.traceUsage for more information
WARNING: Dynamic loading of agents will be disallowed by default in a future release
]]></system-err>
  </testcase>
  <testcase name="getPlanet_ByExistingName_ReturnsPlanet" classname="br.com.drianodev.starwars_planet_api.web.PlanetControllerTest" time="0.234"/>
  <testcase name="listPlanets_ReturnsFilteredPlanets" classname="br.com.drianodev.starwars_planet_api.web.PlanetControllerTest" time="0.065"/>
  <testcase name="listPlanets_ReturnsNoPlanets" classname="br.com.drianodev.starwars_planet_api.web.PlanetControllerTest" time="0.013"/>
  <testcase name="removePlanet_WithExistingId_ReturnsNoContent" classname="br.com.drianodev.starwars_planet_api.web.PlanetControllerTest" time="0.013"/>
  <testcase name="removePlanet_WithUnexistingId_ReturnsNoFound" classname="br.com.drianodev.starwars_planet_api.web.PlanetControllerTest" time="0.016"/>
  <testcase name="getPlanet_ByUnexistingId_ReturnsNotFound" classname="br.com.drianodev.starwars_planet_api.web.PlanetControllerTest" time="0.01"/>
  <testcase name="getPlanet_ByUnexistingName_ReturnsNotFound" classname="br.com.drianodev.starwars_planet_api.web.PlanetControllerTest" time="0.008"/>
  <testcase name="getPlanet_ByExistingId_ReturnsPlanet" classname="br.com.drianodev.starwars_planet_api.web.PlanetControllerTest" time="0.011"/>
  <testcase name="createPlanet_WithInvalidData_ReturnsBadRequest" classname="br.com.drianodev.starwars_planet_api.web.PlanetControllerTest" time="0.091">
    <system-out><![CDATA[2024-12-06T08:00:58.331-03:00  WARN 2171917 --- [sw-planet-api] [           main] o.s.w.s.m.m.a.HttpEntityMethodProcessor  : public final org.springframework.http.ResponseEntity<java.lang.Object> org.springframework.web.servlet.mvc.method.annotation.ResponseEntityExceptionHandler.handleException(java.lang.Exception,org.springframework.web.context.request.WebRequest) throws java.lang.Exception returned ResponseEntity: <422 UNPROCESSABLE_ENTITY Unprocessable Entity,ProblemDetail[type='about:blank', title='Bad Request', status=400, detail='Invalid request content.', instance='/planets', properties='null'],[]>, but its status doesn't match the ProblemDetail status: 400
2024-12-06T08:00:58.365-03:00  WARN 2171917 --- [sw-planet-api] [           main] o.s.w.s.m.m.a.HttpEntityMethodProcessor  : public final org.springframework.http.ResponseEntity<java.lang.Object> org.springframework.web.servlet.mvc.method.annotation.ResponseEntityExceptionHandler.handleException(java.lang.Exception,org.springframework.web.context.request.WebRequest) throws java.lang.Exception returned ResponseEntity: <422 UNPROCESSABLE_ENTITY Unprocessable Entity,ProblemDetail[type='about:blank', title='Bad Request', status=400, detail='Invalid request content.', instance='/planets', properties='null'],[]>, but its status doesn't match the ProblemDetail status: 400
]]></system-out>
  </testcase>
  <testcase name="createPlanet_WithValidData_ReturnsCreated" classname="br.com.drianodev.starwars_planet_api.web.PlanetControllerTest" time="0.01"/>
</testsuite>